<?xml version="1.0" encoding="UTF-8"?>
<!-- Generated by org.testng.reporters.JUnitReportReporter -->
<testsuite hostname="Jaarvis-HP" name="com.pressie.base.Start" tests="1" failures="0" timestamp="18 Dec 2015 10:32:33 GMT" time="10.898" errors="0">
  <testcase name="test" time="10.898" classname="com.pressie.base.Start"/>
</testsuite> <!-- com.pressie.base.Start -->
